<?xml version="1.0" encoding="utf-8"?><testsuites name="pytest tests"><testsuite name="pytest" errors="0" failures="0" skipped="0" tests="13" time="3.676" timestamp="2026-08-16T14:05:17.639275+00:00" hostname="agent-env-acbec1f2-498a-463e-a113-f35b70609904"><testcase classname="tests.test_rekapin_backend" name="test_login_ok" time="0.567" /><testcase classname="tests.test_rekapin_backend" name="test_me" time="0.111" /><testcase classname="tests.test_rekapin_backend" name="test_create_with_new_fields" time="0.050" /><testcase classname="tests.test_rekapin_backend" name="test_auto_populate_training_date" time="0.151" /><testcase classname="tests.test_rekapin_backend" name="test_auto_blacklist_on_mengundurkan" time="0.112" /><testcase classname="tests.test_rekapin_backend" name="test_history_global_and_per_candidate" time="0.197" /><testcase classname="tests.test_rekapin_backend" name="test_excel_upload" time="0.280" /><testcase classname="tests.test_rekapin_backend" name="test_manual_reminder" time="0.045" /><testcase classname="tests.test_rekapin_backend" name="test_cron_requires_bearer" time="0.140" /><testcase classname="tests.test_rekapin_backend" name="test_cron_with_correct_secret" time="0.183" /><testcase classname="tests.test_rekapin_backend" name="test_cron_wrong_secret" time="0.112" /><testcase classname="tests.test_rekapin_backend" name="test_bulk_regression" time="0.101" /><testcase classname="tests.test_rekapin_backend" name="test_export" time="0.582" /></testsuite></testsuites>