<?xml version="1.0" encoding="utf-8"?><testsuites name="pytest tests"><testsuite name="pytest" errors="0" failures="0" skipped="0" tests="10" time="4.273" timestamp="2026-08-16T14:34:17.665310+00:00" hostname="agent-env-acbec1f2-498a-463e-a113-f35b70609904"><testcase classname="tests.test_rekapin_v5" name="test_funnel_five_stages" time="0.743" /><testcase classname="tests.test_rekapin_v5" name="test_admin_user_crud_and_recruiter_403" time="0.927" /><testcase classname="tests.test_rekapin_v5" name="test_custom_fields_crud" time="0.143" /><testcase classname="tests.test_rekapin_v5" name="test_candidate_with_ratings_and_custom_data" time="0.144" /><testcase classname="tests.test_rekapin_v5" name="test_date_filter" time="0.100" /><testcase classname="tests.test_rekapin_v5" name="test_send_email_template" time="0.418" /><testcase classname="tests.test_rekapin_v5" name="test_auto_email_status_transition" time="0.099" /><testcase classname="tests.test_rekapin_v5" name="test_auto_notify_hasan_on_placement" time="0.098" /><testcase classname="tests.test_rekapin_v5" name="test_auto_notify_hasan_on_ttd_sudah" time="0.099" /><testcase classname="tests.test_rekapin_v5" name="test_tenancy_recruiter_isolation" time="1.409" /></testsuite></testsuites>